# JRE version: Java(TM) SE Runtime Environment (8.0_112-b16) (build 1.8.0_112-b16)
# Java VM: Java HotSpot(TM) 64-Bit Server VM (25.112-b16 mixed mode bsd-amd64 compressed oops)
Heap:
 PSYoungGen      total 667136K, used 17883K [0x0000000795580000, 0x00000007c0000000, 0x00000007c0000000)
  eden space 651776K, 0% used [0x0000000795580000,0x00000007957f7698,0x00000007bd200000)
  from space 15360K, 99% used [0x00000007bf100000,0x00000007bffff950,0x00000007c0000000)
  to   space 23552K, 0% used [0x00000007bd200000,0x00000007bd200000,0x00000007be900000)
 ParOldGen       total 81920K, used 52235K [0x0000000740000000, 0x0000000745000000, 0x0000000795580000)
  object space 81920K, 63% used [0x0000000740000000,0x0000000743302c00,0x0000000745000000)
 Metaspace       used 26699K, capacity 27066K, committed 27392K, reserved 1073152K
  class space    used 3338K, capacity 3461K, committed 3584K, reserved 1048576K
GC Heap History (10 events):
Event: 788.795 GC heap before
{Heap before GC invocations=15 (full 1):
 PSYoungGen      total 316416K, used 299720K [0x0000000795580000, 0x00000007b2c80000, 0x00000007c0000000)
  eden space 299520K, 100% used [0x0000000795580000,0x00000007a7a00000,0x00000007a7a00000)
  from space 16896K, 1% used [0x00000007a7a00000,0x00000007a7a32010,0x00000007a8a80000)
  to   space 16384K, 0% used [0x00000007b1c80000,0x00000007b1c80000,0x00000007b2c80000)
 ParOldGen       total 81920K, used 38004K [0x0000000740000000, 0x0000000745000000, 0x0000000795580000)
  object space 81920K, 46% used [0x0000000740000000,0x000000074251d1d0,0x0000000745000000)
 Metaspace       used 25987K, capacity 26284K, committed 26752K, reserved 1073152K
  class space    used 3305K, capacity 3394K, committed 3456K, reserved 1048576K
Event: 788.797 GC heap after
Heap after GC invocations=15 (full 1):
 PSYoungGen      total 455680K, used 200K [0x0000000795580000, 0x00000007b2700000, 0x00000007c0000000)
  eden space 444928K, 0% used [0x0000000795580000,0x0000000795580000,0x00000007b0800000)
  from space 10752K, 1% used [0x00000007b1c80000,0x00000007b1cb2010,0x00000007b2700000)
  to   space 15872K, 0% used [0x00000007b0800000,0x00000007b0800000,0x00000007b1780000)
 ParOldGen       total 81920K, used 38068K [0x0000000740000000, 0x0000000745000000, 0x0000000795580000)
  object space 81920K, 46% used [0x0000000740000000,0x000000074252d2c0,0x0000000745000000)
 Metaspace       used 25987K, capacity 26284K, committed 26752K, reserved 1073152K
  class space    used 3305K, capacity 3394K, committed 3456K, reserved 1048576K
}
Event: 789.001 GC heap before
{Heap before GC invocations=16 (full 1):
 PSYoungGen      total 455680K, used 445128K [0x0000000795580000, 0x00000007b2700000, 0x00000007c0000000)
  eden space 444928K, 100% used [0x0000000795580000,0x00000007b0800000,0x00000007b0800000)
  from space 10752K, 1% used [0x00000007b1c80000,0x00000007b1cb2010,0x00000007b2700000)
  to   space 15872K, 0% used [0x00000007b0800000,0x00000007b0800000,0x00000007b1780000)
 ParOldGen       total 81920K, used 38068K [0x0000000740000000, 0x0000000745000000, 0x0000000795580000)
  object space 81920K, 46% used [0x0000000740000000,0x000000074252d2c0,0x0000000745000000)
 Metaspace       used 25987K, capacity 26284K, committed 26752K, reserved 1073152K
  class space    used 3305K, capacity 3394K, committed 3456K, reserved 1048576K
Event: 789.004 GC heap after
Heap after GC invocations=16 (full 1):
 PSYoungGen      total 460800K, used 320K [0x0000000795580000, 0x00000007bf180000, 0x00000007c0000000)
  eden space 444928K, 0% used [0x0000000795580000,0x0000000795580000,0x00000007b0800000)
  from space 15872K, 2% used [0x00000007b0800000,0x00000007b0850010,0x00000007b1780000)
  to   space 15360K, 0% used [0x00000007be280000,0x00000007be280000,0x00000007bf180000)
 ParOldGen       total 81920K, used 38124K [0x0000000740000000, 0x0000000745000000, 0x0000000795580000)
  object space 81920K, 46% used [0x0000000740000000,0x000000074253b380,0x0000000745000000)
 Metaspace       used 25987K, capacity 26284K, committed 26752K, reserved 1073152K
  class space    used 3305K, capacity 3394K, committed 3456K, reserved 1048576K
}
Event: 789.091 GC heap before
{Heap before GC invocations=17 (full 1):
 PSYoungGen      total 460800K, used 444887K [0x0000000795580000, 0x00000007bf180000, 0x00000007c0000000)
  eden space 444928K, 99% used [0x0000000795580000,0x00000007b07a5ca0,0x00000007b0800000)
  from space 15872K, 2% used [0x00000007b0800000,0x00000007b0850010,0x00000007b1780000)
  to   space 15360K, 0% used [0x00000007be280000,0x00000007be280000,0x00000007bf180000)
 ParOldGen       total 81920K, used 38124K [0x0000000740000000, 0x0000000745000000, 0x0000000795580000)
  object space 81920K, 46% used [0x0000000740000000,0x000000074253b380,0x0000000745000000)
 Metaspace       used 25987K, capacity 26284K, committed 26752K, reserved 1073152K
  class space    used 3305K, capacity 3394K, committed 3456K, reserved 1048576K
Event: 789.092 GC heap after
Heap after GC invocations=17 (full 1):
 PSYoungGen      total 652288K, used 544K [0x0000000795580000, 0x00000007be900000, 0x00000007c0000000)
  eden space 645632K, 0% used [0x0000000795580000,0x0000000795580000,0x00000007bcc00000)
  from space 6656K, 8% used [0x00000007be280000,0x00000007be308020,0x00000007be900000)
  to   space 14848K, 0% used [0x00000007bcc00000,0x00000007bcc00000,0x00000007bda80000)
 ParOldGen       total 81920K, used 38197K [0x0000000740000000, 0x0000000745000000, 0x0000000795580000)
  object space 81920K, 46% used [0x0000000740000000,0x000000074254d4d0,0x0000000745000000)
 Metaspace       used 25987K, capacity 26284K, committed 26752K, reserved 1073152K
  class space    used 3305K, capacity 3394K, committed 3456K, reserved 1048576K
}
Event: 1724.070 GC heap before
{Heap before GC invocations=18 (full 1):
 PSYoungGen      total 652288K, used 646176K [0x0000000795580000, 0x00000007be900000, 0x00000007c0000000)
  eden space 645632K, 100% used [0x0000000795580000,0x00000007bcc00000,0x00000007bcc00000)
  from space 6656K, 8% used [0x00000007be280000,0x00000007be308020,0x00000007be900000)
  to   space 14848K, 0% used [0x00000007bcc00000,0x00000007bcc00000,0x00000007bda80000)
 ParOldGen       total 81920K, used 38197K [0x0000000740000000, 0x0000000745000000, 0x0000000795580000)
  object space 81920K, 46% used [0x0000000740000000,0x000000074254d4d0,0x0000000745000000)
 Metaspace       used 26459K, capacity 26810K, committed 27264K, reserved 1073152K
  class space    used 3317K, capacity 3397K, committed 3456K, reserved 1048576K
Event: 1724.085 GC heap after
Heap after GC invocations=18 (full 1):
 PSYoungGen      total 660480K, used 8261K [0x0000000795580000, 0x00000007c0000000, 0x00000007c0000000)
  eden space 645632K, 0% used [0x0000000795580000,0x0000000795580000,0x00000007bcc00000)
  from space 14848K, 55% used [0x00000007bcc00000,0x00000007bd4116f0,0x00000007bda80000)
  to   space 15360K, 0% used [0x00000007bf100000,0x00000007bf100000,0x00000007c0000000)
 ParOldGen       total 81920K, used 38205K [0x0000000740000000, 0x0000000745000000, 0x0000000795580000)
  object space 81920K, 46% used [0x0000000740000000,0x000000074254f4d0,0x0000000745000000)
 Metaspace       used 26459K, capacity 26810K, committed 27264K, reserved 1073152K
  class space    used 3317K, capacity 3397K, committed 3456K, reserved 1048576K
}
Event: 4539.963 GC heap before
{Heap before GC invocations=19 (full 1):
 PSYoungGen      total 660480K, used 653893K [0x0000000795580000, 0x00000007c0000000, 0x00000007c0000000)
  eden space 645632K, 100% used [0x0000000795580000,0x00000007bcc00000,0x00000007bcc00000)
  from space 14848K, 55% used [0x00000007bcc00000,0x00000007bd4116f0,0x00000007bda80000)
  to   space 15360K, 0% used [0x00000007bf100000,0x00000007bf100000,0x00000007c0000000)
 ParOldGen       total 81920K, used 38205K [0x0000000740000000, 0x0000000745000000, 0x0000000795580000)
  object space 81920K, 46% used [0x0000000740000000,0x000000074254f4d0,0x0000000745000000)
 Metaspace       used 26698K, capacity 27066K, committed 27392K, reserved 1073152K
  class space    used 3338K, capacity 3461K, committed 3584K, reserved 1048576K
Event: 4540.047 GC heap after
Heap after GC invocations=19 (full 1):
 PSYoungGen      total 667136K, used 15358K [0x0000000795580000, 0x00000007c0000000, 0x00000007c0000000)
  eden space 651776K, 0% used [0x0000000795580000,0x0000000795580000,0x00000007bd200000)
  from space 15360K, 99% used [0x00000007bf100000,0x00000007bffff950,0x00000007c0000000)
  to   space 23552K, 0% used [0x00000007bd200000,0x00000007bd200000,0x00000007be900000)
 ParOldGen       total 81920K, used 52235K [0x0000000740000000, 0x0000000745000000, 0x0000000795580000)
  object space 81920K, 63% used [0x0000000740000000,0x0000000743302c00,0x0000000745000000)
 Metaspace       used 26698K, capacity 27066K, committed 27392K, reserved 1073152K
  class space    used 3338K, capacity 3461K, committed 3584K, reserved 1048576K
}

